[2016-09-25 20:55:34,694 INFO] - org.eclipse.om2m.datamapping.jaxb.Activator 
Starting Data Mapper
[2016-09-25 20:55:34,695 INFO] - org.eclipse.om2m.datamapping.jaxb.Activator 
Registering XML Mapper Service..
[2016-09-25 20:55:35,519 INFO] - org.eclipse.om2m.datamapping.jaxb.Activator 
XML Mapper service registered.
[2016-09-25 20:55:35,519 INFO] - org.eclipse.om2m.datamapping.jaxb.Activator 
Registering JSON Mapper Service..
[2016-09-25 20:55:35,956 INFO] - org.eclipse.om2m.datamapping.jaxb.Activator 
JSON Mapper service registered.
[2016-09-25 20:55:35,975 INFO] - org.eclipse.om2m.binding.http.Activator 
Register HTTP RestClientService..
[2016-09-25 20:55:35,979 INFO] - org.eclipse.om2m.binding.http.Activator 
HTTP RestClientService is registered.
[2016-09-25 20:55:35,981 INFO] - org.eclipse.om2m.binding.http.Activator 
HttpService discovered
[2016-09-25 20:55:35,982 INFO] - org.eclipse.om2m.binding.http.Activator 
Register / context
[2016-09-25 20:55:35,991 INFO] - org.eclipse.om2m.persistence.eclipselink.Activator 
Starting Persistence JPA plugin...
[2016-09-25 20:55:35,997 INFO] - org.eclipse.om2m.persistence.eclipselink.internal.DBServiceJPAImpl 
Initializing Database...
[2016-09-25 20:55:35,998 INFO] - org.eclipse.om2m.persistence.eclipselink.internal.DBServiceJPAImpl 
Creating new EntityManagerFactory...
[2016-09-25 20:55:36,087 INFO] - org.eclipse.om2m.core.Activator 
Starting CSE...
[2016-09-25 20:55:36,087 INFO] - org.eclipse.om2m.core.Activator 
Added Data Mapper Service: application/xml
[2016-09-25 20:55:36,113 INFO] - org.eclipse.om2m.core.Activator 
Added Data Mapper Service: application/json
[2016-09-25 20:55:36,117 INFO] - org.eclipse.om2m.core.Activator 
Rest client service discovered. Protocol: http
[2016-09-25 20:55:36,124 INFO] - org.eclipse.om2m.webapp.resourcesbrowser.xml.Activator 
HttpService discovered
[2016-09-25 20:55:36,124 INFO] - org.eclipse.om2m.webapp.resourcesbrowser.xml.Activator 
Register /webpage http context
[2016-09-25 20:55:37,396 INFO] - org.eclipse.om2m.persistence.eclipselink.internal.DBServiceJPAImpl 
DataBase initialized.
[2016-09-25 20:55:37,412 INFO] - org.eclipse.om2m.persistence.eclipselink.Activator 
Registering Database (JPA-EL) Service
[2016-09-25 20:55:37,412 INFO] - org.eclipse.om2m.core.Activator 
DataBase persistence service discovered
[2016-09-25 20:55:37,413 INFO] - org.eclipse.om2m.core.thread.CoreExecutor 
Creating thread pool with corePoolSize=5 & maximumSize=50
[2016-09-25 20:55:37,415 INFO] - org.eclipse.om2m.core.CSEInitializer 
Initializating the cseBase
[2016-09-25 20:55:37,423 INFO] - org.eclipse.om2m.core.CSEInitializer 
Create AccessControlPolicy resource
[2016-09-25 20:55:37,585 INFO] - org.eclipse.om2m.core.CSEInitializer 
Create CSEBase resource
[2016-09-25 20:55:37,627 INFO] - org.eclipse.om2m.core.CSEInitializer 
Register CSE to another CSE.
[2016-09-25 20:55:37,628 INFO] - org.eclipse.om2m.core.Activator 
Registering CseService...
[2016-09-25 20:55:37,636 INFO] - org.eclipse.om2m.binding.http.Activator 
CseService discovered
[2016-09-25 20:55:37,636 INFO] - org.eclipse.om2m.core.Activator 
CSE Started 20160923
[2016-09-25 20:55:37,654 INFO] - org.eclipse.om2m.core.comm.RestClient 
the requestIndication RC: RequestPrimitive [operation=1,
 to=http://127.0.0.1:8080/~/in-cse,
 from=admin:admin,
 requestIdentifier=001,
 resourceType=16,
 content=<?xml version="1.0" encoding="UTF-8"?>
<m2m:csr xmlns:m2m="http://www.onem2m.org/xml/protocols" rn="mn-cse">
   <poa>http://127.0.0.1:8282/</poa>
   <cb>//om2m.org/mn-cse</cb>
   <csi>/mn-cse</csi>
   <rr>true</rr>
</m2m:csr>
,
 requestContentType=application/xml,
 ]
[2016-09-25 20:55:37,655 INFO] - org.eclipse.om2m.binding.http.RestHttpClient 
Sending request: RequestPrimitive [operation=1,
 to=http://127.0.0.1:8080/~/in-cse,
 from=admin:admin,
 requestIdentifier=001,
 resourceType=16,
 content=<?xml version="1.0" encoding="UTF-8"?>
<m2m:csr xmlns:m2m="http://www.onem2m.org/xml/protocols" rn="mn-cse">
   <poa>http://127.0.0.1:8282/</poa>
   <cb>//om2m.org/mn-cse</cb>
   <csi>/mn-cse</csi>
   <rr>true</rr>
</m2m:csr>
,
 requestContentType=application/xml,
 ]
[2016-09-25 20:55:37,786 INFO] - org.eclipse.om2m.binding.http.RestHttpClient 
Request to be send: POST http://127.0.0.1:8080/~/in-cse HTTP/1.1
[2016-09-25 20:55:37,786 INFO] - org.eclipse.om2m.binding.http.RestHttpClient 
Headers:
Accept: 
X-M2M-RI: 001
X-M2M-Origin: admin:admin
Content-Type: application/xml;ty=16

[2016-09-25 20:55:38,022 INFO] - org.eclipse.om2m.binding.http.RestHttpClient 
Http Client response: ResponsePrimitive [responseStatusCode=2001,
 requestIdentifier=001,
 content=<?xml version="1.0" encoding="UTF-8"?>
<m2m:csr xmlns:m2m="http://www.onem2m.org/xml/protocols" rn="mn-cse">
   <ty>16</ty>
   <ri>/in-cse/csr-132404339</ri>
   <pi>/in-cse</pi>
   <ct>20160925T205537</ct>
   <lt>20160925T205537</lt>
   <acpi>/in-cse/acp-48743518</acpi>
   <poa>http://127.0.0.1:8282/</poa>
   <cb>//om2m.org/mn-cse</cb>
   <csi>/mn-cse</csi>
   <rr>true</rr>
</m2m:csr>

,
 to=admin:admin,
 from=/mn-cse,
 location=/in-cse/csr-132404339,
 contentType=application/xml;charset=ISO-8859-1,
]
[2016-09-25 20:55:38,023 INFO] - org.eclipse.om2m.core.comm.RestClient 
ResponsePrimitive [responseStatusCode=2001,
 requestIdentifier=001,
 content=<?xml version="1.0" encoding="UTF-8"?>
<m2m:csr xmlns:m2m="http://www.onem2m.org/xml/protocols" rn="mn-cse">
   <ty>16</ty>
   <ri>/in-cse/csr-132404339</ri>
   <pi>/in-cse</pi>
   <ct>20160925T205537</ct>
   <lt>20160925T205537</lt>
   <acpi>/in-cse/acp-48743518</acpi>
   <poa>http://127.0.0.1:8282/</poa>
   <cb>//om2m.org/mn-cse</cb>
   <csi>/mn-cse</csi>
   <rr>true</rr>
</m2m:csr>

,
 to=admin:admin,
 from=/mn-cse,
 location=/in-cse/csr-132404339,
 contentType=application/xml;charset=ISO-8859-1,
]
[2016-09-25 20:55:38,023 INFO] - org.eclipse.om2m.core.CSEInitializer 
response after registration: ResponsePrimitive [responseStatusCode=2001,
 requestIdentifier=001,
 content=<?xml version="1.0" encoding="UTF-8"?>
<m2m:csr xmlns:m2m="http://www.onem2m.org/xml/protocols" rn="mn-cse">
   <ty>16</ty>
   <ri>/in-cse/csr-132404339</ri>
   <pi>/in-cse</pi>
   <ct>20160925T205537</ct>
   <lt>20160925T205537</lt>
   <acpi>/in-cse/acp-48743518</acpi>
   <poa>http://127.0.0.1:8282/</poa>
   <cb>//om2m.org/mn-cse</cb>
   <csi>/mn-cse</csi>
   <rr>true</rr>
</m2m:csr>

,
 to=admin:admin,
 from=/mn-cse,
 location=/in-cse/csr-132404339,
 contentType=application/xml;charset=ISO-8859-1,
]
[2016-09-25 20:55:38,023 INFO] - org.eclipse.om2m.core.CSEInitializer 
Successfully registered to in-cse
[2016-09-25 20:55:55,736 INFO] - org.eclipse.om2m.ipe.sample.Activator 
Register IpeService..
[2016-09-25 20:55:55,737 INFO] - org.eclipse.om2m.core.Activator 
IPE service discovered: sample
[2016-09-25 20:55:55,737 INFO] - org.eclipse.om2m.ipe.sample.Activator 
IpeService is registered.
[2016-09-25 20:55:55,738 INFO] - org.eclipse.om2m.ipe.sample.Activator 
CseService discovered
[2016-09-25 20:55:55,741 INFO] - org.eclipse.om2m.core.router.Router 
Received request in Router: RequestPrimitive [operation=1,
 to=/mn-cse,
 from=admin:admin,
 resourceType=2,
 name=LAMP_0,
 content=org.eclipse.om2m.commons.resource.AE@63115886,
 returnContentType=application/obj,
 requestContentType=application/obj,
 ]
[2016-09-25 20:55:55,741 INFO] - org.eclipse.om2m.core.router.Router 
Request handling in the current CSE: /mn-cse
[2016-09-25 20:55:55,743 INFO] - org.eclipse.om2m.core.router.Router 
ResourceController to be used [AEController]
[2016-09-25 20:55:55,821 INFO] - org.eclipse.om2m.core.router.Router 
Response in Router= ResponsePrimitive [responseStatusCode=2001,
 content=org.eclipse.om2m.commons.resource.AE@7a0d7b98,
 to=admin:admin,
 from=/mn-cse,
 location=/mn-cse/CAE262292574,
 ]
[2016-09-25 20:55:55,821 INFO] - org.eclipse.om2m.core.router.Router 
Received request in Router: RequestPrimitive [operation=1,
 to=/mn-cse/CAE262292574,
 from=admin:admin,
 resourceType=3,
 name=DESCRIPTOR,
 content=org.eclipse.om2m.commons.resource.Container@665f57d9,
 returnContentType=application/obj,
 requestContentType=application/obj,
 ]
[2016-09-25 20:55:55,821 INFO] - org.eclipse.om2m.core.router.Router 
Request handling in the current CSE: /mn-cse/CAE262292574
[2016-09-25 20:55:55,822 INFO] - org.eclipse.om2m.core.router.Router 
ResourceController to be used [ContainerController]
[2016-09-25 20:55:55,829 INFO] - org.eclipse.om2m.core.router.Router 
Response in Router= ResponsePrimitive [responseStatusCode=2001,
 content=org.eclipse.om2m.commons.resource.Container@7c870e4a,
 to=admin:admin,
 from=/mn-cse,
 location=/mn-cse/cnt-400243363,
 ]
[2016-09-25 20:55:55,829 INFO] - org.eclipse.om2m.ipe.sample.controller.LifeCycleManager 
ResponsePrimitive [responseStatusCode=2001,
 content=org.eclipse.om2m.commons.resource.Container@7c870e4a,
 to=admin:admin,
 from=/mn-cse,
 location=/mn-cse/cnt-400243363,
 ]
[2016-09-25 20:55:55,830 INFO] - org.eclipse.om2m.core.router.Router 
Received request in Router: RequestPrimitive [operation=1,
 to=/mn-cse/CAE262292574,
 from=admin:admin,
 resourceType=3,
 name=DATA,
 content=org.eclipse.om2m.commons.resource.Container@665f57d9,
 returnContentType=application/obj,
 requestContentType=application/obj,
 ]
[2016-09-25 20:55:55,830 INFO] - org.eclipse.om2m.core.router.Router 
Request handling in the current CSE: /mn-cse/CAE262292574
[2016-09-25 20:55:55,830 INFO] - org.eclipse.om2m.core.router.Router 
ResourceController to be used [ContainerController]
[2016-09-25 20:55:55,839 INFO] - org.eclipse.om2m.core.router.Router 
Response in Router= ResponsePrimitive [responseStatusCode=2001,
 content=org.eclipse.om2m.commons.resource.Container@182a73ce,
 to=admin:admin,
 from=/mn-cse,
 location=/mn-cse/cnt-176886435,
 ]
[2016-09-25 20:55:55,839 INFO] - org.eclipse.om2m.ipe.sample.controller.LifeCycleManager 
ResponsePrimitive [responseStatusCode=2001,
 content=org.eclipse.om2m.commons.resource.Container@182a73ce,
 to=admin:admin,
 from=/mn-cse,
 location=/mn-cse/cnt-176886435,
 ]
[2016-09-25 20:55:56,053 INFO] - org.eclipse.om2m.core.router.Router 
Received request in Router: RequestPrimitive [operation=1,
 to=/mn-cse/mn-name/LAMP_0/DESCRIPTOR,
 from=admin:admin,
 resourceType=4,
 content=org.eclipse.om2m.commons.resource.ContentInstance@2d8b6c4,
 returnContentType=application/obj,
 requestContentType=application/obj,
 ]
[2016-09-25 20:55:56,053 INFO] - org.eclipse.om2m.core.router.Router 
Request handling in the current CSE: /mn-cse/mn-name/LAMP_0/DESCRIPTOR
[2016-09-25 20:55:56,054 INFO] - org.eclipse.om2m.core.router.Router 
ResourceController to be used [ContentInstanceController]
[2016-09-25 20:55:56,060 INFO] - org.eclipse.om2m.core.router.Router 
Response in Router= ResponsePrimitive [responseStatusCode=2001,
 content=org.eclipse.om2m.commons.resource.ContentInstance@1b6a8c47,
 to=admin:admin,
 from=/mn-cse,
 location=/mn-cse/cin-840391039,
 ]
[2016-09-25 20:55:56,061 INFO] - org.eclipse.om2m.core.router.Router 
Received request in Router: RequestPrimitive [operation=1,
 to=/mn-cse/mn-name/LAMP_0/DATA,
 from=admin:admin,
 resourceType=4,
 content=org.eclipse.om2m.commons.resource.ContentInstance@2d8b6c4,
 returnContentType=application/obj,
 requestContentType=application/obj,
 ]
[2016-09-25 20:55:56,061 INFO] - org.eclipse.om2m.core.router.Router 
Request handling in the current CSE: /mn-cse/mn-name/LAMP_0/DATA
[2016-09-25 20:55:56,062 INFO] - org.eclipse.om2m.core.router.Router 
ResourceController to be used [ContentInstanceController]
[2016-09-25 20:55:56,100 INFO] - org.eclipse.om2m.core.router.Router 
Response in Router= ResponsePrimitive [responseStatusCode=2001,
 content=org.eclipse.om2m.commons.resource.ContentInstance@3b5aaa82,
 to=admin:admin,
 from=/mn-cse,
 location=/mn-cse/cin-936387767,
 ]
[2016-09-25 20:55:56,100 INFO] - org.eclipse.om2m.core.router.Router 
Received request in Router: RequestPrimitive [operation=1,
 to=/mn-cse,
 from=admin:admin,
 resourceType=2,
 name=LAMP_1,
 content=org.eclipse.om2m.commons.resource.AE@31cdee5e,
 returnContentType=application/obj,
 requestContentType=application/obj,
 ]
[2016-09-25 20:55:56,101 INFO] - org.eclipse.om2m.core.router.Router 
Request handling in the current CSE: /mn-cse
[2016-09-25 20:55:56,101 INFO] - org.eclipse.om2m.core.router.Router 
ResourceController to be used [AEController]
[2016-09-25 20:55:56,132 INFO] - org.eclipse.om2m.core.router.Router 
Response in Router= ResponsePrimitive [responseStatusCode=2001,
 content=org.eclipse.om2m.commons.resource.AE@2359a20f,
 to=admin:admin,
 from=/mn-cse,
 location=/mn-cse/CAE721812018,
 ]
[2016-09-25 20:55:56,134 INFO] - org.eclipse.om2m.core.router.Router 
Received request in Router: RequestPrimitive [operation=1,
 to=/mn-cse/CAE721812018,
 from=admin:admin,
 resourceType=3,
 name=DESCRIPTOR,
 content=org.eclipse.om2m.commons.resource.Container@21d0298b,
 returnContentType=application/obj,
 requestContentType=application/obj,
 ]
[2016-09-25 20:55:56,137 INFO] - org.eclipse.om2m.core.router.Router 
Request handling in the current CSE: /mn-cse/CAE721812018
[2016-09-25 20:55:56,137 INFO] - org.eclipse.om2m.core.router.Router 
ResourceController to be used [ContainerController]
[2016-09-25 20:55:56,146 INFO] - org.eclipse.om2m.core.router.Router 
Response in Router= ResponsePrimitive [responseStatusCode=2001,
 content=org.eclipse.om2m.commons.resource.Container@4f8e7290,
 to=admin:admin,
 from=/mn-cse,
 location=/mn-cse/cnt-627332132,
 ]
[2016-09-25 20:55:56,147 INFO] - org.eclipse.om2m.ipe.sample.controller.LifeCycleManager 
ResponsePrimitive [responseStatusCode=2001,
 content=org.eclipse.om2m.commons.resource.Container@4f8e7290,
 to=admin:admin,
 from=/mn-cse,
 location=/mn-cse/cnt-627332132,
 ]
[2016-09-25 20:55:56,148 INFO] - org.eclipse.om2m.core.router.Router 
Received request in Router: RequestPrimitive [operation=1,
 to=/mn-cse/CAE721812018,
 from=admin:admin,
 resourceType=3,
 name=DATA,
 content=org.eclipse.om2m.commons.resource.Container@21d0298b,
 returnContentType=application/obj,
 requestContentType=application/obj,
 ]
[2016-09-25 20:55:56,148 INFO] - org.eclipse.om2m.core.router.Router 
Request handling in the current CSE: /mn-cse/CAE721812018
[2016-09-25 20:55:56,148 INFO] - org.eclipse.om2m.core.router.Router 
ResourceController to be used [ContainerController]
[2016-09-25 20:55:56,154 INFO] - org.eclipse.om2m.core.router.Router 
Response in Router= ResponsePrimitive [responseStatusCode=2001,
 content=org.eclipse.om2m.commons.resource.Container@3b195563,
 to=admin:admin,
 from=/mn-cse,
 location=/mn-cse/cnt-172364926,
 ]
[2016-09-25 20:55:56,155 INFO] - org.eclipse.om2m.ipe.sample.controller.LifeCycleManager 
ResponsePrimitive [responseStatusCode=2001,
 content=org.eclipse.om2m.commons.resource.Container@3b195563,
 to=admin:admin,
 from=/mn-cse,
 location=/mn-cse/cnt-172364926,
 ]
[2016-09-25 20:55:56,156 INFO] - org.eclipse.om2m.core.router.Router 
Received request in Router: RequestPrimitive [operation=1,
 to=/mn-cse/mn-name/LAMP_1/DESCRIPTOR,
 from=admin:admin,
 resourceType=4,
 content=org.eclipse.om2m.commons.resource.ContentInstance@59059d34,
 returnContentType=application/obj,
 requestContentType=application/obj,
 ]
[2016-09-25 20:55:56,156 INFO] - org.eclipse.om2m.core.router.Router 
Request handling in the current CSE: /mn-cse/mn-name/LAMP_1/DESCRIPTOR
[2016-09-25 20:55:56,156 INFO] - org.eclipse.om2m.core.router.Router 
ResourceController to be used [ContentInstanceController]
[2016-09-25 20:55:56,166 INFO] - org.eclipse.om2m.core.router.Router 
Response in Router= ResponsePrimitive [responseStatusCode=2001,
 content=org.eclipse.om2m.commons.resource.ContentInstance@4723170f,
 to=admin:admin,
 from=/mn-cse,
 location=/mn-cse/cin-512330572,
 ]
[2016-09-25 20:55:56,167 INFO] - org.eclipse.om2m.core.router.Router 
Received request in Router: RequestPrimitive [operation=1,
 to=/mn-cse/mn-name/LAMP_1/DATA,
 from=admin:admin,
 resourceType=4,
 content=org.eclipse.om2m.commons.resource.ContentInstance@59059d34,
 returnContentType=application/obj,
 requestContentType=application/obj,
 ]
[2016-09-25 20:55:56,167 INFO] - org.eclipse.om2m.core.router.Router 
Request handling in the current CSE: /mn-cse/mn-name/LAMP_1/DATA
[2016-09-25 20:55:56,167 INFO] - org.eclipse.om2m.core.router.Router 
ResourceController to be used [ContentInstanceController]
[2016-09-25 20:55:56,197 INFO] - org.eclipse.om2m.core.router.Router 
Response in Router= ResponsePrimitive [responseStatusCode=2001,
 content=org.eclipse.om2m.commons.resource.ContentInstance@564cf183,
 to=admin:admin,
 from=/mn-cse,
 location=/mn-cse/cin-606303339,
 ]
[2016-09-25 20:55:56,199 INFO] - org.eclipse.om2m.core.router.Router 
Received request in Router: RequestPrimitive [operation=1,
 to=/mn-cse,
 from=admin:admin,
 resourceType=2,
 name=LAMP_ALL,
 content=org.eclipse.om2m.commons.resource.AE@2d4dd3c9,
 returnContentType=application/obj,
 requestContentType=application/obj,
 ]
[2016-09-25 20:55:56,208 INFO] - org.eclipse.om2m.core.router.Router 
Request handling in the current CSE: /mn-cse
[2016-09-25 20:55:56,209 INFO] - org.eclipse.om2m.core.router.Router 
ResourceController to be used [AEController]
[2016-09-25 20:55:56,265 INFO] - org.eclipse.om2m.core.router.Router 
Response in Router= ResponsePrimitive [responseStatusCode=2001,
 content=org.eclipse.om2m.commons.resource.AE@403eed69,
 to=admin:admin,
 from=/mn-cse,
 location=/mn-cse/CAE102420324,
 ]
[2016-09-25 20:55:56,277 INFO] - org.eclipse.om2m.core.router.Router 
Received request in Router: RequestPrimitive [operation=1,
 to=/mn-cse/mn-name/LAMP_ALL,
 from=admin:admin,
 resourceType=3,
 name=DESCRIPTOR,
 content=org.eclipse.om2m.commons.resource.Container@7896157b,
 returnContentType=application/obj,
 requestContentType=application/obj,
 ]
[2016-09-25 20:55:56,278 INFO] - org.eclipse.om2m.core.router.Router 
Request handling in the current CSE: /mn-cse/mn-name/LAMP_ALL
[2016-09-25 20:55:56,278 INFO] - org.eclipse.om2m.core.router.Router 
ResourceController to be used [ContainerController]
[2016-09-25 20:55:56,295 INFO] - org.eclipse.om2m.core.router.Router 
Response in Router= ResponsePrimitive [responseStatusCode=2001,
 content=org.eclipse.om2m.commons.resource.Container@7ed6d47f,
 to=admin:admin,
 from=/mn-cse,
 location=/mn-cse/cnt-706962997,
 ]
[2016-09-25 20:55:56,299 INFO] - org.eclipse.om2m.core.router.Router 
Received request in Router: RequestPrimitive [operation=1,
 to=/mn-cse/mn-name/LAMP_ALL/DESCRIPTOR,
 from=admin:admin,
 resourceType=4,
 content=org.eclipse.om2m.commons.resource.ContentInstance@7049e701,
 returnContentType=application/obj,
 requestContentType=application/obj,
 ]
[2016-09-25 20:55:56,299 INFO] - org.eclipse.om2m.core.router.Router 
Request handling in the current CSE: /mn-cse/mn-name/LAMP_ALL/DESCRIPTOR
[2016-09-25 20:55:56,307 INFO] - org.eclipse.om2m.core.router.Router 
ResourceController to be used [ContentInstanceController]
[2016-09-25 20:55:56,314 INFO] - org.eclipse.om2m.core.router.Router 
Response in Router= ResponsePrimitive [responseStatusCode=2001,
 content=org.eclipse.om2m.commons.resource.ContentInstance@191d8a2e,
 to=admin:admin,
 from=/mn-cse,
 location=/mn-cse/cin-725728874,
 ]
[2016-09-25 20:56:16,185 INFO] - org.eclipse.om2m.binding.http.RestHttpServlet 
----------------------------------------------------------------------------------------------
[2016-09-25 20:56:16,188 INFO] - org.eclipse.om2m.binding.http.RestHttpServlet 
Built RequestPrimitive: RequestPrimitive [to=/mn-cse,
 resultContent=5,
 ]
[2016-09-25 20:56:16,188 INFO] - org.eclipse.om2m.binding.http.RestHttpServlet 
Content type headers: application/xml
[2016-09-25 20:56:16,188 INFO] - org.eclipse.om2m.binding.http.RestHttpServlet 
Header value: application/xml
[2016-09-25 20:56:16,188 INFO] - org.eclipse.om2m.binding.http.RestHttpServlet 
Accept header: application/xml
[2016-09-25 20:56:16,189 INFO] - org.eclipse.om2m.core.router.Router 
Received request in Router: RequestPrimitive [operation=2,
 to=/mn-cse,
 from=admin:admin,
 resultContent=5,
 returnContentType=application/xml,
 requestContentType=application/xml,
 queryStrings={rcn=[5]}]
[2016-09-25 20:56:16,189 INFO] - org.eclipse.om2m.core.router.Router 
Request handling in the current CSE: /mn-cse
[2016-09-25 20:56:16,189 INFO] - org.eclipse.om2m.core.router.Router 
ResourceController to be used [CSEBaseController]
[2016-09-25 20:56:16,221 INFO] - org.eclipse.om2m.core.router.Router 
Response in Router= ResponsePrimitive [responseStatusCode=2000,
 content=<?xml version="1.0" encoding="UTF-8"?>
<m2m:cb xmlns:m2m="http://www.onem2m.org/xml/protocols" rn="mn-name">
   <ty>5</ty>
   <ri>/mn-cse</ri>
   <ct>20160925T205537</ct>
   <lt>20160925T205537</lt>
   <acpi>/mn-cse/acp-954065791</acpi>
   <cst>1</cst>
   <csi>mn-cse</csi>
   <srt>1 2 3 4 5 9 14 15 16 17 23</srt>
   <poa>http://127.0.0.1:8282/</poa>
   <ch rn="acp_admin" ty="1">/mn-cse/acp-954065791</ch>
   <ch rn="acpae-262292574" ty="1">/mn-cse/acp-464097255</ch>
   <ch rn="acpae-721812018" ty="1">/mn-cse/acp-986756878</ch>
   <ch rn="acpae-102420324" ty="1">/mn-cse/acp-352257023</ch>
   <ch rn="LAMP_0" ty="2">/mn-cse/CAE262292574</ch>
   <ch rn="LAMP_1" ty="2">/mn-cse/CAE721812018</ch>
   <ch rn="LAMP_ALL" ty="2">/mn-cse/CAE102420324</ch>
   <ch rn="in-name" ty="16">/mn-cse/csr-467276756</ch>
</m2m:cb>
,
 to=admin:admin,
 from=/mn-cse,
 contentType=application/xml,
]
[2016-09-25 20:56:17,410 INFO] - org.eclipse.om2m.binding.http.RestHttpServlet 
----------------------------------------------------------------------------------------------
[2016-09-25 20:56:17,410 INFO] - org.eclipse.om2m.binding.http.RestHttpServlet 
Built RequestPrimitive: RequestPrimitive [to=/mn-cse/CAE262292574,
 resultContent=5,
 ]
[2016-09-25 20:56:17,410 INFO] - org.eclipse.om2m.binding.http.RestHttpServlet 
Content type headers: application/xml
[2016-09-25 20:56:17,410 INFO] - org.eclipse.om2m.binding.http.RestHttpServlet 
Header value: application/xml
[2016-09-25 20:56:17,410 INFO] - org.eclipse.om2m.binding.http.RestHttpServlet 
Accept header: application/xml
[2016-09-25 20:56:17,411 INFO] - org.eclipse.om2m.core.router.Router 
Received request in Router: RequestPrimitive [operation=2,
 to=/mn-cse/CAE262292574,
 from=admin:admin,
 resultContent=5,
 returnContentType=application/xml,
 requestContentType=application/xml,
 queryStrings={rcn=[5]}]
[2016-09-25 20:56:17,411 INFO] - org.eclipse.om2m.core.router.Router 
Request handling in the current CSE: /mn-cse/CAE262292574
[2016-09-25 20:56:17,411 INFO] - org.eclipse.om2m.core.router.Router 
ResourceController to be used [AEController]
[2016-09-25 20:56:17,439 INFO] - org.eclipse.om2m.core.router.Router 
Response in Router= ResponsePrimitive [responseStatusCode=2000,
 content=<?xml version="1.0" encoding="UTF-8"?>
<m2m:ae xmlns:m2m="http://www.onem2m.org/xml/protocols" rn="LAMP_0">
   <ty>2</ty>
   <ri>/mn-cse/CAE262292574</ri>
   <pi>/mn-cse</pi>
   <ct>20160925T205555</ct>
   <lt>20160925T205555</lt>
   <acpi>/mn-cse/acp-464097255</acpi>
   <et>20170925T205555</et>
   <api>LAMP_0</api>
   <aei>CAE262292574</aei>
   <poa>sample</poa>
   <ch rn="DESCRIPTOR" ty="3">/mn-cse/cnt-400243363</ch>
   <ch rn="DATA" ty="3">/mn-cse/cnt-176886435</ch>
   <rr>true</rr>
</m2m:ae>
,
 to=admin:admin,
 from=/mn-cse,
 contentType=application/xml,
]
[2016-09-25 20:56:18,130 INFO] - org.eclipse.om2m.binding.http.RestHttpServlet 
----------------------------------------------------------------------------------------------
[2016-09-25 20:56:18,131 INFO] - org.eclipse.om2m.binding.http.RestHttpServlet 
Built RequestPrimitive: RequestPrimitive [to=/mn-cse/cnt-176886435,
 resultContent=5,
 ]
[2016-09-25 20:56:18,131 INFO] - org.eclipse.om2m.binding.http.RestHttpServlet 
Content type headers: application/xml
[2016-09-25 20:56:18,131 INFO] - org.eclipse.om2m.binding.http.RestHttpServlet 
Header value: application/xml
[2016-09-25 20:56:18,131 INFO] - org.eclipse.om2m.binding.http.RestHttpServlet 
Accept header: application/xml
[2016-09-25 20:56:18,132 INFO] - org.eclipse.om2m.core.router.Router 
Received request in Router: RequestPrimitive [operation=2,
 to=/mn-cse/cnt-176886435,
 from=admin:admin,
 resultContent=5,
 returnContentType=application/xml,
 requestContentType=application/xml,
 queryStrings={rcn=[5]}]
[2016-09-25 20:56:18,132 INFO] - org.eclipse.om2m.core.router.Router 
Request handling in the current CSE: /mn-cse/cnt-176886435
[2016-09-25 20:56:18,132 INFO] - org.eclipse.om2m.core.router.Router 
ResourceController to be used [ContainerController]
[2016-09-25 20:56:18,141 INFO] - org.eclipse.om2m.core.router.Router 
Response in Router= ResponsePrimitive [responseStatusCode=2000,
 content=<?xml version="1.0" encoding="UTF-8"?>
<m2m:cnt xmlns:m2m="http://www.onem2m.org/xml/protocols" rn="DATA">
   <ty>3</ty>
   <ri>/mn-cse/cnt-176886435</ri>
   <pi>/mn-cse/CAE262292574</pi>
   <ct>20160925T205555</ct>
   <lt>20160925T205555</lt>
   <acpi>/mn-cse/acp-464097255</acpi>
   <et>20170925T205555</et>
   <st>1</st>
   <mni>10</mni>
   <mbs>10000</mbs>
   <mia>0</mia>
   <cni>1</cni>
   <cbs>216</cbs>
   <ch rn="cin_936387767" ty="4">/mn-cse/cin-936387767</ch>
   <ol>/mn-cse/mn-name/LAMP_0/DATA/ol</ol>
   <la>/mn-cse/mn-name/LAMP_0/DATA/la</la>
</m2m:cnt>
,
 to=admin:admin,
 from=/mn-cse,
 contentType=application/xml,
]
[2016-09-25 20:56:18,964 INFO] - org.eclipse.om2m.binding.http.RestHttpServlet 
----------------------------------------------------------------------------------------------
[2016-09-25 20:56:18,965 INFO] - org.eclipse.om2m.binding.http.RestHttpServlet 
Built RequestPrimitive: RequestPrimitive [to=/mn-cse/cnt-400243363,
 resultContent=5,
 ]
[2016-09-25 20:56:18,965 INFO] - org.eclipse.om2m.binding.http.RestHttpServlet 
Content type headers: application/xml
[2016-09-25 20:56:18,965 INFO] - org.eclipse.om2m.binding.http.RestHttpServlet 
Header value: application/xml
[2016-09-25 20:56:18,965 INFO] - org.eclipse.om2m.binding.http.RestHttpServlet 
Accept header: application/xml
[2016-09-25 20:56:18,965 INFO] - org.eclipse.om2m.core.router.Router 
Received request in Router: RequestPrimitive [operation=2,
 to=/mn-cse/cnt-400243363,
 from=admin:admin,
 resultContent=5,
 returnContentType=application/xml,
 requestContentType=application/xml,
 queryStrings={rcn=[5]}]
[2016-09-25 20:56:18,966 INFO] - org.eclipse.om2m.core.router.Router 
Request handling in the current CSE: /mn-cse/cnt-400243363
[2016-09-25 20:56:18,966 INFO] - org.eclipse.om2m.core.router.Router 
ResourceController to be used [ContainerController]
[2016-09-25 20:56:18,969 INFO] - org.eclipse.om2m.core.router.Router 
Response in Router= ResponsePrimitive [responseStatusCode=2000,
 content=<?xml version="1.0" encoding="UTF-8"?>
<m2m:cnt xmlns:m2m="http://www.onem2m.org/xml/protocols" rn="DESCRIPTOR">
   <ty>3</ty>
   <ri>/mn-cse/cnt-400243363</ri>
   <pi>/mn-cse/CAE262292574</pi>
   <ct>20160925T205555</ct>
   <lt>20160925T205555</lt>
   <acpi>/mn-cse/acp-464097255</acpi>
   <et>20170925T205555</et>
   <st>1</st>
   <mni>10</mni>
   <mbs>10000</mbs>
   <mia>0</mia>
   <cni>1</cni>
   <cbs>658</cbs>
   <ch rn="cin_840391039" ty="4">/mn-cse/cin-840391039</ch>
   <ol>/mn-cse/mn-name/LAMP_0/DESCRIPTOR/ol</ol>
   <la>/mn-cse/mn-name/LAMP_0/DESCRIPTOR/la</la>
</m2m:cnt>
,
 to=admin:admin,
 from=/mn-cse,
 contentType=application/xml,
]
[2016-09-25 20:56:19,864 INFO] - org.eclipse.om2m.binding.http.RestHttpServlet 
----------------------------------------------------------------------------------------------
[2016-09-25 20:56:19,864 INFO] - org.eclipse.om2m.binding.http.RestHttpServlet 
Built RequestPrimitive: RequestPrimitive [to=/mn-cse/cin-936387767,
 resultContent=5,
 ]
[2016-09-25 20:56:19,864 INFO] - org.eclipse.om2m.binding.http.RestHttpServlet 
Content type headers: application/xml
[2016-09-25 20:56:19,864 INFO] - org.eclipse.om2m.binding.http.RestHttpServlet 
Header value: application/xml
[2016-09-25 20:56:19,864 INFO] - org.eclipse.om2m.binding.http.RestHttpServlet 
Accept header: application/xml
[2016-09-25 20:56:19,864 INFO] - org.eclipse.om2m.core.router.Router 
Received request in Router: RequestPrimitive [operation=2,
 to=/mn-cse/cin-936387767,
 from=admin:admin,
 resultContent=5,
 returnContentType=application/xml,
 requestContentType=application/xml,
 queryStrings={rcn=[5]}]
[2016-09-25 20:56:19,864 INFO] - org.eclipse.om2m.core.router.Router 
Request handling in the current CSE: /mn-cse/cin-936387767
[2016-09-25 20:56:19,865 INFO] - org.eclipse.om2m.core.router.Router 
ResourceController to be used [ContentInstanceController]
[2016-09-25 20:56:19,867 INFO] - org.eclipse.om2m.core.router.Router 
Response in Router= ResponsePrimitive [responseStatusCode=2000,
 content=<?xml version="1.0" encoding="UTF-8"?>
<m2m:cin xmlns:m2m="http://www.onem2m.org/xml/protocols" rn="cin_936387767">
   <ty>4</ty>
   <ri>/mn-cse/cin-936387767</ri>
   <pi>/mn-cse/cnt-176886435</pi>
   <ct>20160925T205556</ct>
   <lt>20160925T205556</lt>
   <st>0</st>
   <cnf>application/obix</cnf>
   <cs>216</cs>
   <con>&lt;?xml version=&quot;1.0&quot; encoding=&quot;UTF-8&quot; standalone=&quot;yes&quot;?>
&lt;obj>
    &lt;str val=&quot;LAMP&quot; name=&quot;type&quot;/>
    &lt;str val=&quot;Home&quot; name=&quot;location&quot;/>
    &lt;str val=&quot;LAMP_0&quot; name=&quot;lampId&quot;/>
    &lt;bool val=&quot;false&quot; name=&quot;state&quot;/>
&lt;/obj>
</con>
</m2m:cin>
,
 to=admin:admin,
 from=/mn-cse,
 contentType=application/xml,
]
[2016-09-25 20:56:20,594 INFO] - org.eclipse.om2m.binding.http.RestHttpServlet 
----------------------------------------------------------------------------------------------
[2016-09-25 20:56:20,594 INFO] - org.eclipse.om2m.binding.http.RestHttpServlet 
Built RequestPrimitive: RequestPrimitive [to=/mn-cse/CAE102420324,
 resultContent=5,
 ]
[2016-09-25 20:56:20,594 INFO] - org.eclipse.om2m.binding.http.RestHttpServlet 
Content type headers: application/xml
[2016-09-25 20:56:20,594 INFO] - org.eclipse.om2m.binding.http.RestHttpServlet 
Header value: application/xml
[2016-09-25 20:56:20,594 INFO] - org.eclipse.om2m.binding.http.RestHttpServlet 
Accept header: application/xml
[2016-09-25 20:56:20,595 INFO] - org.eclipse.om2m.core.router.Router 
Received request in Router: RequestPrimitive [operation=2,
 to=/mn-cse/CAE102420324,
 from=admin:admin,
 resultContent=5,
 returnContentType=application/xml,
 requestContentType=application/xml,
 queryStrings={rcn=[5]}]
[2016-09-25 20:56:20,595 INFO] - org.eclipse.om2m.core.router.Router 
Request handling in the current CSE: /mn-cse/CAE102420324
[2016-09-25 20:56:20,595 INFO] - org.eclipse.om2m.core.router.Router 
ResourceController to be used [AEController]
[2016-09-25 20:56:20,600 INFO] - org.eclipse.om2m.core.router.Router 
Response in Router= ResponsePrimitive [responseStatusCode=2000,
 content=<?xml version="1.0" encoding="UTF-8"?>
<m2m:ae xmlns:m2m="http://www.onem2m.org/xml/protocols" rn="LAMP_ALL">
   <ty>2</ty>
   <ri>/mn-cse/CAE102420324</ri>
   <pi>/mn-cse</pi>
   <ct>20160925T205556</ct>
   <lt>20160925T205556</lt>
   <acpi>/mn-cse/acp-352257023</acpi>
   <et>20170925T205556</et>
   <api>LAMP_ALL</api>
   <aei>CAE102420324</aei>
   <poa>sample</poa>
   <ch rn="DESCRIPTOR" ty="3">/mn-cse/cnt-706962997</ch>
   <rr>true</rr>
</m2m:ae>
,
 to=admin:admin,
 from=/mn-cse,
 contentType=application/xml,
]
[2016-09-25 20:56:21,162 INFO] - org.eclipse.om2m.binding.http.RestHttpServlet 
----------------------------------------------------------------------------------------------
[2016-09-25 20:56:21,164 INFO] - org.eclipse.om2m.binding.http.RestHttpServlet 
Built RequestPrimitive: RequestPrimitive [to=/mn-cse/csr-467276756,
 resultContent=5,
 ]
[2016-09-25 20:56:21,164 INFO] - org.eclipse.om2m.binding.http.RestHttpServlet 
Content type headers: application/xml
[2016-09-25 20:56:21,164 INFO] - org.eclipse.om2m.binding.http.RestHttpServlet 
Header value: application/xml
[2016-09-25 20:56:21,165 INFO] - org.eclipse.om2m.binding.http.RestHttpServlet 
Accept header: application/xml
[2016-09-25 20:56:21,165 INFO] - org.eclipse.om2m.core.router.Router 
Received request in Router: RequestPrimitive [operation=2,
 to=/mn-cse/csr-467276756,
 from=admin:admin,
 resultContent=5,
 returnContentType=application/xml,
 requestContentType=application/xml,
 queryStrings={rcn=[5]}]
[2016-09-25 20:56:21,165 INFO] - org.eclipse.om2m.core.router.Router 
Request handling in the current CSE: /mn-cse/csr-467276756
[2016-09-25 20:56:21,166 INFO] - org.eclipse.om2m.core.router.Router 
ResourceController to be used [RemoteCSEController]
[2016-09-25 20:56:21,174 INFO] - org.eclipse.om2m.core.router.Router 
Response in Router= ResponsePrimitive [responseStatusCode=2000,
 content=<?xml version="1.0" encoding="UTF-8"?>
<m2m:csr xmlns:m2m="http://www.onem2m.org/xml/protocols" rn="in-name">
   <ty>16</ty>
   <ri>/mn-cse/csr-467276756</ri>
   <pi>/mn-cse</pi>
   <ct>20160925T205538</ct>
   <lt>20160925T205538</lt>
   <acpi>/mn-cse/acp-954065791</acpi>
   <poa>http://127.0.0.1:8080/</poa>
   <cb>//om2m.org/in-cse</cb>
   <csi>/in-cse</csi>
   <rr>true</rr>
</m2m:csr>
,
 to=admin:admin,
 from=/mn-cse,
 contentType=application/xml,
]
[2016-09-25 20:56:21,644 INFO] - org.eclipse.om2m.binding.http.RestHttpServlet 
----------------------------------------------------------------------------------------------
[2016-09-25 20:56:21,645 INFO] - org.eclipse.om2m.binding.http.RestHttpServlet 
Built RequestPrimitive: RequestPrimitive [to=/mn-cse/cnt-706962997,
 resultContent=5,
 ]
[2016-09-25 20:56:21,645 INFO] - org.eclipse.om2m.binding.http.RestHttpServlet 
Content type headers: application/xml
[2016-09-25 20:56:21,645 INFO] - org.eclipse.om2m.binding.http.RestHttpServlet 
Header value: application/xml
[2016-09-25 20:56:21,645 INFO] - org.eclipse.om2m.binding.http.RestHttpServlet 
Accept header: application/xml
[2016-09-25 20:56:21,645 INFO] - org.eclipse.om2m.core.router.Router 
Received request in Router: RequestPrimitive [operation=2,
 to=/mn-cse/cnt-706962997,
 from=admin:admin,
 resultContent=5,
 returnContentType=application/xml,
 requestContentType=application/xml,
 queryStrings={rcn=[5]}]
[2016-09-25 20:56:21,645 INFO] - org.eclipse.om2m.core.router.Router 
Request handling in the current CSE: /mn-cse/cnt-706962997
[2016-09-25 20:56:21,645 INFO] - org.eclipse.om2m.core.router.Router 
ResourceController to be used [ContainerController]
[2016-09-25 20:56:21,654 INFO] - org.eclipse.om2m.core.router.Router 
Response in Router= ResponsePrimitive [responseStatusCode=2000,
 content=<?xml version="1.0" encoding="UTF-8"?>
<m2m:cnt xmlns:m2m="http://www.onem2m.org/xml/protocols" rn="DESCRIPTOR">
   <ty>3</ty>
   <ri>/mn-cse/cnt-706962997</ri>
   <pi>/mn-cse/CAE102420324</pi>
   <ct>20160925T205556</ct>
   <lt>20160925T205556</lt>
   <acpi>/mn-cse/acp-352257023</acpi>
   <et>20170925T205556</et>
   <st>1</st>
   <mni>10</mni>
   <mbs>10000</mbs>
   <mia>0</mia>
   <cni>1</cni>
   <cbs>310</cbs>
   <ch rn="cin_725728874" ty="4">/mn-cse/cin-725728874</ch>
   <ol>/mn-cse/mn-name/LAMP_ALL/DESCRIPTOR/ol</ol>
   <la>/mn-cse/mn-name/LAMP_ALL/DESCRIPTOR/la</la>
</m2m:cnt>
,
 to=admin:admin,
 from=/mn-cse,
 contentType=application/xml,
]
[2016-09-25 20:56:22,509 INFO] - org.eclipse.om2m.binding.http.RestHttpServlet 
----------------------------------------------------------------------------------------------
[2016-09-25 20:56:22,511 INFO] - org.eclipse.om2m.binding.http.RestHttpServlet 
Built RequestPrimitive: RequestPrimitive [to=/mn-cse/CAE721812018,
 resultContent=5,
 ]
[2016-09-25 20:56:22,513 INFO] - org.eclipse.om2m.binding.http.RestHttpServlet 
Content type headers: application/xml
[2016-09-25 20:56:22,513 INFO] - org.eclipse.om2m.binding.http.RestHttpServlet 
Header value: application/xml
[2016-09-25 20:56:22,513 INFO] - org.eclipse.om2m.binding.http.RestHttpServlet 
Accept header: application/xml
[2016-09-25 20:56:22,514 INFO] - org.eclipse.om2m.core.router.Router 
Received request in Router: RequestPrimitive [operation=2,
 to=/mn-cse/CAE721812018,
 from=admin:admin,
 resultContent=5,
 returnContentType=application/xml,
 requestContentType=application/xml,
 queryStrings={rcn=[5]}]
[2016-09-25 20:56:22,514 INFO] - org.eclipse.om2m.core.router.Router 
Request handling in the current CSE: /mn-cse/CAE721812018
[2016-09-25 20:56:22,514 INFO] - org.eclipse.om2m.core.router.Router 
ResourceController to be used [AEController]
[2016-09-25 20:56:22,522 INFO] - org.eclipse.om2m.core.router.Router 
Response in Router= ResponsePrimitive [responseStatusCode=2000,
 content=<?xml version="1.0" encoding="UTF-8"?>
<m2m:ae xmlns:m2m="http://www.onem2m.org/xml/protocols" rn="LAMP_1">
   <ty>2</ty>
   <ri>/mn-cse/CAE721812018</ri>
   <pi>/mn-cse</pi>
   <ct>20160925T205556</ct>
   <lt>20160925T205556</lt>
   <acpi>/mn-cse/acp-986756878</acpi>
   <et>20170925T205556</et>
   <api>LAMP_1</api>
   <aei>CAE721812018</aei>
   <poa>sample</poa>
   <ch rn="DESCRIPTOR" ty="3">/mn-cse/cnt-627332132</ch>
   <ch rn="DATA" ty="3">/mn-cse/cnt-172364926</ch>
   <rr>true</rr>
</m2m:ae>
,
 to=admin:admin,
 from=/mn-cse,
 contentType=application/xml,
]
[2016-09-25 20:56:23,531 INFO] - org.eclipse.om2m.binding.http.RestHttpServlet 
----------------------------------------------------------------------------------------------
[2016-09-25 20:56:23,532 INFO] - org.eclipse.om2m.binding.http.RestHttpServlet 
Built RequestPrimitive: RequestPrimitive [to=/mn-cse/cnt-172364926,
 resultContent=5,
 ]
[2016-09-25 20:56:23,532 INFO] - org.eclipse.om2m.binding.http.RestHttpServlet 
Content type headers: application/xml
[2016-09-25 20:56:23,532 INFO] - org.eclipse.om2m.binding.http.RestHttpServlet 
Header value: application/xml
[2016-09-25 20:56:23,532 INFO] - org.eclipse.om2m.binding.http.RestHttpServlet 
Accept header: application/xml
[2016-09-25 20:56:23,532 INFO] - org.eclipse.om2m.core.router.Router 
Received request in Router: RequestPrimitive [operation=2,
 to=/mn-cse/cnt-172364926,
 from=admin:admin,
 resultContent=5,
 returnContentType=application/xml,
 requestContentType=application/xml,
 queryStrings={rcn=[5]}]
[2016-09-25 20:56:23,532 INFO] - org.eclipse.om2m.core.router.Router 
Request handling in the current CSE: /mn-cse/cnt-172364926
[2016-09-25 20:56:23,532 INFO] - org.eclipse.om2m.core.router.Router 
ResourceController to be used [ContainerController]
[2016-09-25 20:56:23,536 INFO] - org.eclipse.om2m.core.router.Router 
Response in Router= ResponsePrimitive [responseStatusCode=2000,
 content=<?xml version="1.0" encoding="UTF-8"?>
<m2m:cnt xmlns:m2m="http://www.onem2m.org/xml/protocols" rn="DATA">
   <ty>3</ty>
   <ri>/mn-cse/cnt-172364926</ri>
   <pi>/mn-cse/CAE721812018</pi>
   <ct>20160925T205556</ct>
   <lt>20160925T205556</lt>
   <acpi>/mn-cse/acp-986756878</acpi>
   <et>20170925T205556</et>
   <st>1</st>
   <mni>10</mni>
   <mbs>10000</mbs>
   <mia>0</mia>
   <cni>1</cni>
   <cbs>216</cbs>
   <ch rn="cin_606303339" ty="4">/mn-cse/cin-606303339</ch>
   <ol>/mn-cse/mn-name/LAMP_1/DATA/ol</ol>
   <la>/mn-cse/mn-name/LAMP_1/DATA/la</la>
</m2m:cnt>
,
 to=admin:admin,
 from=/mn-cse,
 contentType=application/xml,
]
[2016-09-25 20:56:24,200 INFO] - org.eclipse.om2m.binding.http.RestHttpServlet 
----------------------------------------------------------------------------------------------
[2016-09-25 20:56:24,200 INFO] - org.eclipse.om2m.binding.http.RestHttpServlet 
Built RequestPrimitive: RequestPrimitive [to=/mn-cse/cnt-627332132,
 resultContent=5,
 ]
[2016-09-25 20:56:24,200 INFO] - org.eclipse.om2m.binding.http.RestHttpServlet 
Content type headers: application/xml
[2016-09-25 20:56:24,200 INFO] - org.eclipse.om2m.binding.http.RestHttpServlet 
Header value: application/xml
[2016-09-25 20:56:24,200 INFO] - org.eclipse.om2m.binding.http.RestHttpServlet 
Accept header: application/xml
[2016-09-25 20:56:24,200 INFO] - org.eclipse.om2m.core.router.Router 
Received request in Router: RequestPrimitive [operation=2,
 to=/mn-cse/cnt-627332132,
 from=admin:admin,
 resultContent=5,
 returnContentType=application/xml,
 requestContentType=application/xml,
 queryStrings={rcn=[5]}]
[2016-09-25 20:56:24,200 INFO] - org.eclipse.om2m.core.router.Router 
Request handling in the current CSE: /mn-cse/cnt-627332132
[2016-09-25 20:56:24,200 INFO] - org.eclipse.om2m.core.router.Router 
ResourceController to be used [ContainerController]
[2016-09-25 20:56:24,205 INFO] - org.eclipse.om2m.core.router.Router 
Response in Router= ResponsePrimitive [responseStatusCode=2000,
 content=<?xml version="1.0" encoding="UTF-8"?>
<m2m:cnt xmlns:m2m="http://www.onem2m.org/xml/protocols" rn="DESCRIPTOR">
   <ty>3</ty>
   <ri>/mn-cse/cnt-627332132</ri>
   <pi>/mn-cse/CAE721812018</pi>
   <ct>20160925T205556</ct>
   <lt>20160925T205556</lt>
   <acpi>/mn-cse/acp-986756878</acpi>
   <et>20170925T205556</et>
   <st>1</st>
   <mni>10</mni>
   <mbs>10000</mbs>
   <mia>0</mia>
   <cni>1</cni>
   <cbs>658</cbs>
   <ch rn="cin_512330572" ty="4">/mn-cse/cin-512330572</ch>
   <ol>/mn-cse/mn-name/LAMP_1/DESCRIPTOR/ol</ol>
   <la>/mn-cse/mn-name/LAMP_1/DESCRIPTOR/la</la>
</m2m:cnt>
,
 to=admin:admin,
 from=/mn-cse,
 contentType=application/xml,
]
[2016-09-25 20:56:24,722 INFO] - org.eclipse.om2m.binding.http.RestHttpServlet 
----------------------------------------------------------------------------------------------
[2016-09-25 20:56:24,723 INFO] - org.eclipse.om2m.binding.http.RestHttpServlet 
Built RequestPrimitive: RequestPrimitive [to=/mn-cse/cin-512330572,
 resultContent=5,
 ]
[2016-09-25 20:56:24,723 INFO] - org.eclipse.om2m.binding.http.RestHttpServlet 
Content type headers: application/xml
[2016-09-25 20:56:24,723 INFO] - org.eclipse.om2m.binding.http.RestHttpServlet 
Header value: application/xml
[2016-09-25 20:56:24,723 INFO] - org.eclipse.om2m.binding.http.RestHttpServlet 
Accept header: application/xml
[2016-09-25 20:56:24,723 INFO] - org.eclipse.om2m.core.router.Router 
Received request in Router: RequestPrimitive [operation=2,
 to=/mn-cse/cin-512330572,
 from=admin:admin,
 resultContent=5,
 returnContentType=application/xml,
 requestContentType=application/xml,
 queryStrings={rcn=[5]}]
[2016-09-25 20:56:24,724 INFO] - org.eclipse.om2m.core.router.Router 
Request handling in the current CSE: /mn-cse/cin-512330572
[2016-09-25 20:56:24,724 INFO] - org.eclipse.om2m.core.router.Router 
ResourceController to be used [ContentInstanceController]
[2016-09-25 20:56:24,729 INFO] - org.eclipse.om2m.core.router.Router 
Response in Router= ResponsePrimitive [responseStatusCode=2000,
 content=<?xml version="1.0" encoding="UTF-8"?>
<m2m:cin xmlns:m2m="http://www.onem2m.org/xml/protocols" rn="cin_512330572">
   <ty>4</ty>
   <ri>/mn-cse/cin-512330572</ri>
   <pi>/mn-cse/cnt-627332132</pi>
   <ct>20160925T205556</ct>
   <lt>20160925T205556</lt>
   <st>0</st>
   <cnf>application/obix</cnf>
   <cs>658</cs>
   <con>&lt;?xml version=&quot;1.0&quot; encoding=&quot;UTF-8&quot; standalone=&quot;yes&quot;?>
&lt;obj>
    &lt;str val=&quot;LAMP&quot; name=&quot;type&quot;/>
    &lt;str val=&quot;Home&quot; name=&quot;location&quot;/>
    &lt;str val=&quot;LAMP_1&quot; name=&quot;appId&quot;/>
    &lt;op href=&quot;/mn-cse/mn-name/LAMP_1/DATA/la&quot; name=&quot;getState&quot; is=&quot;retrieve&quot;/>
    &lt;op href=&quot;/mn-cse/mn-name/LAMP_1?op=getStateDirect&amp;amp;lampid=LAMP_1&quot; name=&quot;getState(Direct)&quot; is=&quot;execute&quot;/>
    &lt;op href=&quot;/mn-cse/mn-name/LAMP_1?op=setOn&amp;amp;lampid=LAMP_1&quot; name=&quot;switchON&quot; is=&quot;execute&quot;/>
    &lt;op href=&quot;/mn-cse/mn-name/LAMP_1?op=setOff&amp;amp;lampid=LAMP_1&quot; name=&quot;switchOFF&quot; is=&quot;execute&quot;/>
    &lt;op href=&quot;/mn-cse/mn-name/LAMP_1?op=toggle&amp;amp;lampid=LAMP_1&quot; name=&quot;toggle&quot; is=&quot;execute&quot;/>
&lt;/obj>
</con>
</m2m:cin>
,
 to=admin:admin,
 from=/mn-cse,
 contentType=application/xml,
]
[2016-09-25 20:56:26,817 INFO] - org.eclipse.om2m.binding.http.RestHttpServlet 
----------------------------------------------------------------------------------------------
[2016-09-25 20:56:26,817 INFO] - org.eclipse.om2m.binding.http.RestHttpServlet 
Built RequestPrimitive: RequestPrimitive [to=/mn-cse/mn-name/LAMP_1,
 ]
[2016-09-25 20:56:26,817 INFO] - org.eclipse.om2m.binding.http.RestHttpServlet 
Content type headers: application/xml
[2016-09-25 20:56:26,817 INFO] - org.eclipse.om2m.binding.http.RestHttpServlet 
Header value: application/xml
[2016-09-25 20:56:26,817 INFO] - org.eclipse.om2m.binding.http.RestHttpServlet 
Accept header: application/xml
[2016-09-25 20:56:26,817 INFO] - org.eclipse.om2m.core.router.Router 
Received request in Router: RequestPrimitive [operation=5,
 to=/mn-cse/mn-name/LAMP_1,
 from=admin:admin,
 returnContentType=application/xml,
 requestContentType=application/xml,
 queryStrings={op=[setOn], lampid=[LAMP_1]}]
[2016-09-25 20:56:26,817 INFO] - org.eclipse.om2m.core.router.Router 
Request handling in the current CSE: /mn-cse/mn-name/LAMP_1
[2016-09-25 20:56:26,819 INFO] - org.eclipse.om2m.core.redirector.Redirector 
Sending notification to IPE: sample
[2016-09-25 20:56:26,819 INFO] - org.eclipse.om2m.ipe.sample.SampleRouter 
Received request in Sample IPE: op=setOn ; lampid=LAMP_1
[2016-09-25 20:56:26,822 INFO] - org.eclipse.om2m.core.router.Router 
Received request in Router: RequestPrimitive [operation=1,
 to=/mn-cse/mn-name/LAMP_1/DATA,
 from=admin:admin,
 resourceType=4,
 content=org.eclipse.om2m.commons.resource.ContentInstance@30e787ae,
 returnContentType=application/obj,
 requestContentType=application/obj,
 ]
[2016-09-25 20:56:26,822 INFO] - org.eclipse.om2m.core.router.Router 
Request handling in the current CSE: /mn-cse/mn-name/LAMP_1/DATA
[2016-09-25 20:56:26,822 INFO] - org.eclipse.om2m.core.router.Router 
ResourceController to be used [ContentInstanceController]
[2016-09-25 20:56:26,828 INFO] - org.eclipse.om2m.core.router.Router 
Response in Router= ResponsePrimitive [responseStatusCode=2001,
 content=org.eclipse.om2m.commons.resource.ContentInstance@6ee8589e,
 to=admin:admin,
 from=/mn-cse,
 location=/mn-cse/cin-393697616,
 ]
[2016-09-25 20:56:29,511 INFO] - org.eclipse.om2m.binding.http.RestHttpServlet 
----------------------------------------------------------------------------------------------
[2016-09-25 20:56:29,511 INFO] - org.eclipse.om2m.binding.http.RestHttpServlet 
Built RequestPrimitive: RequestPrimitive [to=/mn-cse/cnt-172364926,
 resultContent=5,
 ]
[2016-09-25 20:56:29,511 INFO] - org.eclipse.om2m.binding.http.RestHttpServlet 
Content type headers: application/xml
[2016-09-25 20:56:29,511 INFO] - org.eclipse.om2m.binding.http.RestHttpServlet 
Header value: application/xml
[2016-09-25 20:56:29,511 INFO] - org.eclipse.om2m.binding.http.RestHttpServlet 
Accept header: application/xml
[2016-09-25 20:56:29,512 INFO] - org.eclipse.om2m.core.router.Router 
Received request in Router: RequestPrimitive [operation=2,
 to=/mn-cse/cnt-172364926,
 from=admin:admin,
 resultContent=5,
 returnContentType=application/xml,
 requestContentType=application/xml,
 queryStrings={rcn=[5]}]
[2016-09-25 20:56:29,512 INFO] - org.eclipse.om2m.core.router.Router 
Request handling in the current CSE: /mn-cse/cnt-172364926
[2016-09-25 20:56:29,512 INFO] - org.eclipse.om2m.core.router.Router 
ResourceController to be used [ContainerController]
[2016-09-25 20:56:29,518 INFO] - org.eclipse.om2m.core.router.Router 
Response in Router= ResponsePrimitive [responseStatusCode=2000,
 content=<?xml version="1.0" encoding="UTF-8"?>
<m2m:cnt xmlns:m2m="http://www.onem2m.org/xml/protocols" rn="DATA">
   <ty>3</ty>
   <ri>/mn-cse/cnt-172364926</ri>
   <pi>/mn-cse/CAE721812018</pi>
   <ct>20160925T205556</ct>
   <lt>20160925T205556</lt>
   <acpi>/mn-cse/acp-986756878</acpi>
   <et>20170925T205556</et>
   <st>2</st>
   <mni>10</mni>
   <mbs>10000</mbs>
   <mia>0</mia>
   <cni>2</cni>
   <cbs>431</cbs>
   <ch rn="cin_606303339" ty="4">/mn-cse/cin-606303339</ch>
   <ch rn="cin_393697616" ty="4">/mn-cse/cin-393697616</ch>
   <ol>/mn-cse/mn-name/LAMP_1/DATA/ol</ol>
   <la>/mn-cse/mn-name/LAMP_1/DATA/la</la>
</m2m:cnt>
,
 to=admin:admin,
 from=/mn-cse,
 contentType=application/xml,
]
[2016-09-25 20:56:30,416 INFO] - org.eclipse.om2m.binding.http.RestHttpServlet 
----------------------------------------------------------------------------------------------
[2016-09-25 20:56:30,416 INFO] - org.eclipse.om2m.binding.http.RestHttpServlet 
Built RequestPrimitive: RequestPrimitive [to=/mn-cse/cin-393697616,
 resultContent=5,
 ]
[2016-09-25 20:56:30,416 INFO] - org.eclipse.om2m.binding.http.RestHttpServlet 
Content type headers: application/xml
[2016-09-25 20:56:30,416 INFO] - org.eclipse.om2m.binding.http.RestHttpServlet 
Header value: application/xml
[2016-09-25 20:56:30,416 INFO] - org.eclipse.om2m.binding.http.RestHttpServlet 
Accept header: application/xml
[2016-09-25 20:56:30,416 INFO] - org.eclipse.om2m.core.router.Router 
Received request in Router: RequestPrimitive [operation=2,
 to=/mn-cse/cin-393697616,
 from=admin:admin,
 resultContent=5,
 returnContentType=application/xml,
 requestContentType=application/xml,
 queryStrings={rcn=[5]}]
[2016-09-25 20:56:30,416 INFO] - org.eclipse.om2m.core.router.Router 
Request handling in the current CSE: /mn-cse/cin-393697616
[2016-09-25 20:56:30,416 INFO] - org.eclipse.om2m.core.router.Router 
ResourceController to be used [ContentInstanceController]
[2016-09-25 20:56:30,423 INFO] - org.eclipse.om2m.core.router.Router 
Response in Router= ResponsePrimitive [responseStatusCode=2000,
 content=<?xml version="1.0" encoding="UTF-8"?>
<m2m:cin xmlns:m2m="http://www.onem2m.org/xml/protocols" rn="cin_393697616">
   <ty>4</ty>
   <ri>/mn-cse/cin-393697616</ri>
   <pi>/mn-cse/cnt-172364926</pi>
   <ct>20160925T205626</ct>
   <lt>20160925T205626</lt>
   <st>0</st>
   <cnf>application/obix:0</cnf>
   <cs>215</cs>
   <con>&lt;?xml version=&quot;1.0&quot; encoding=&quot;UTF-8&quot; standalone=&quot;yes&quot;?>
&lt;obj>
    &lt;str val=&quot;LAMP&quot; name=&quot;type&quot;/>
    &lt;str val=&quot;Home&quot; name=&quot;location&quot;/>
    &lt;str val=&quot;LAMP_1&quot; name=&quot;lampId&quot;/>
    &lt;bool val=&quot;true&quot; name=&quot;state&quot;/>
&lt;/obj>
</con>
</m2m:cin>
,
 to=admin:admin,
 from=/mn-cse,
 contentType=application/xml,
]
[2016-09-25 20:56:31,054 INFO] - org.eclipse.om2m.binding.http.RestHttpServlet 
----------------------------------------------------------------------------------------------
[2016-09-25 20:56:31,055 INFO] - org.eclipse.om2m.binding.http.RestHttpServlet 
Built RequestPrimitive: RequestPrimitive [to=/mn-cse/cin-606303339,
 resultContent=5,
 ]
[2016-09-25 20:56:31,055 INFO] - org.eclipse.om2m.binding.http.RestHttpServlet 
Content type headers: application/xml
[2016-09-25 20:56:31,055 INFO] - org.eclipse.om2m.binding.http.RestHttpServlet 
Header value: application/xml
[2016-09-25 20:56:31,055 INFO] - org.eclipse.om2m.binding.http.RestHttpServlet 
Accept header: application/xml
[2016-09-25 20:56:31,056 INFO] - org.eclipse.om2m.core.router.Router 
Received request in Router: RequestPrimitive [operation=2,
 to=/mn-cse/cin-606303339,
 from=admin:admin,
 resultContent=5,
 returnContentType=application/xml,
 requestContentType=application/xml,
 queryStrings={rcn=[5]}]
[2016-09-25 20:56:31,056 INFO] - org.eclipse.om2m.core.router.Router 
Request handling in the current CSE: /mn-cse/cin-606303339
[2016-09-25 20:56:31,056 INFO] - org.eclipse.om2m.core.router.Router 
ResourceController to be used [ContentInstanceController]
[2016-09-25 20:56:31,057 INFO] - org.eclipse.om2m.core.router.Router 
Response in Router= ResponsePrimitive [responseStatusCode=2000,
 content=<?xml version="1.0" encoding="UTF-8"?>
<m2m:cin xmlns:m2m="http://www.onem2m.org/xml/protocols" rn="cin_606303339">
   <ty>4</ty>
   <ri>/mn-cse/cin-606303339</ri>
   <pi>/mn-cse/cnt-172364926</pi>
   <ct>20160925T205556</ct>
   <lt>20160925T205556</lt>
   <st>0</st>
   <cnf>application/obix</cnf>
   <cs>216</cs>
   <con>&lt;?xml version=&quot;1.0&quot; encoding=&quot;UTF-8&quot; standalone=&quot;yes&quot;?>
&lt;obj>
    &lt;str val=&quot;LAMP&quot; name=&quot;type&quot;/>
    &lt;str val=&quot;Home&quot; name=&quot;location&quot;/>
    &lt;str val=&quot;LAMP_1&quot; name=&quot;lampId&quot;/>
    &lt;bool val=&quot;false&quot; name=&quot;state&quot;/>
&lt;/obj>
</con>
</m2m:cin>
,
 to=admin:admin,
 from=/mn-cse,
 contentType=application/xml,
]
[2016-09-25 20:56:31,585 INFO] - org.eclipse.om2m.binding.http.RestHttpServlet 
----------------------------------------------------------------------------------------------
[2016-09-25 20:56:31,585 INFO] - org.eclipse.om2m.binding.http.RestHttpServlet 
Built RequestPrimitive: RequestPrimitive [to=/mn-cse/cin-393697616,
 resultContent=5,
 ]
[2016-09-25 20:56:31,585 INFO] - org.eclipse.om2m.binding.http.RestHttpServlet 
Content type headers: application/xml
[2016-09-25 20:56:31,585 INFO] - org.eclipse.om2m.binding.http.RestHttpServlet 
Header value: application/xml
[2016-09-25 20:56:31,585 INFO] - org.eclipse.om2m.binding.http.RestHttpServlet 
Accept header: application/xml
[2016-09-25 20:56:31,585 INFO] - org.eclipse.om2m.core.router.Router 
Received request in Router: RequestPrimitive [operation=2,
 to=/mn-cse/cin-393697616,
 from=admin:admin,
 resultContent=5,
 returnContentType=application/xml,
 requestContentType=application/xml,
 queryStrings={rcn=[5]}]
[2016-09-25 20:56:31,586 INFO] - org.eclipse.om2m.core.router.Router 
Request handling in the current CSE: /mn-cse/cin-393697616
[2016-09-25 20:56:31,586 INFO] - org.eclipse.om2m.core.router.Router 
ResourceController to be used [ContentInstanceController]
[2016-09-25 20:56:31,587 INFO] - org.eclipse.om2m.core.router.Router 
Response in Router= ResponsePrimitive [responseStatusCode=2000,
 content=<?xml version="1.0" encoding="UTF-8"?>
<m2m:cin xmlns:m2m="http://www.onem2m.org/xml/protocols" rn="cin_393697616">
   <ty>4</ty>
   <ri>/mn-cse/cin-393697616</ri>
   <pi>/mn-cse/cnt-172364926</pi>
   <ct>20160925T205626</ct>
   <lt>20160925T205626</lt>
   <st>0</st>
   <cnf>application/obix:0</cnf>
   <cs>215</cs>
   <con>&lt;?xml version=&quot;1.0&quot; encoding=&quot;UTF-8&quot; standalone=&quot;yes&quot;?>
&lt;obj>
    &lt;str val=&quot;LAMP&quot; name=&quot;type&quot;/>
    &lt;str val=&quot;Home&quot; name=&quot;location&quot;/>
    &lt;str val=&quot;LAMP_1&quot; name=&quot;lampId&quot;/>
    &lt;bool val=&quot;true&quot; name=&quot;state&quot;/>
&lt;/obj>
</con>
</m2m:cin>
,
 to=admin:admin,
 from=/mn-cse,
 contentType=application/xml,
]
